0 info it worked if it ends with ok
1 verbose cli [ '/usr/bin/node', '/usr/bin/npm', 'install', 'node' ]
2 info using npm@3.5.2
3 info using node@v8.10.0
4 silly loadCurrentTree Starting
5 silly install loadCurrentTree
6 silly install readLocalPackageData
7 silly fetchPackageMetaData node
8 silly fetchNamedPackageData node
9 silly mapToRegistry name node
10 silly mapToRegistry using default registry
11 silly mapToRegistry registry https://registry.npmjs.org/
12 silly mapToRegistry uri https://registry.npmjs.org/node
13 verbose request uri https://registry.npmjs.org/node
14 verbose request no auth needed
15 info attempt registry request try #1 at 3:23:08 PM
16 verbose request id bb385d9adfa8e2f2
17 http request GET https://registry.npmjs.org/node
18 http 200 https://registry.npmjs.org/node
19 verbose headers { date: 'Fri, 10 Apr 2020 19:23:09 GMT',
19 verbose headers   'content-type': 'application/json',
19 verbose headers   'transfer-encoding': 'chunked',
19 verbose headers   connection: 'keep-alive',
19 verbose headers   'set-cookie':
19 verbose headers    [ '__cfduid=dd2965a71e91aaa0b3fb34fdf233da3f71586546589; expires=Sun, 10-May-20 19:23:09 GMT; path=/; domain=.npmjs.org; HttpOnly; SameSite=Lax' ],
19 verbose headers   'cf-ray': '581ed7357a6b381a-ATL',
19 verbose headers   age: '1325',
19 verbose headers   'cache-control': 'public, max-age=300',
19 verbose headers   etag: 'W/"301db98c30f281970e7f4fa558ba0156"',
19 verbose headers   'last-modified': 'Fri, 10 Apr 2020 03:30:36 GMT',
19 verbose headers   vary: 'accept-encoding, accept',
19 verbose headers   'cf-cache-status': 'HIT',
19 verbose headers   'expect-ct': 'max-age=604800, report-uri="https://report-uri.cloudflare.com/cdn-cgi/beacon/expect-ct"',
19 verbose headers   server: 'cloudflare',
19 verbose headers   'content-encoding': 'gzip' }
20 silly get cb [ 200,
20 silly get   { date: 'Fri, 10 Apr 2020 19:23:09 GMT',
20 silly get     'content-type': 'application/json',
20 silly get     'transfer-encoding': 'chunked',
20 silly get     connection: 'keep-alive',
20 silly get     'set-cookie':
20 silly get      [ '__cfduid=dd2965a71e91aaa0b3fb34fdf233da3f71586546589; expires=Sun, 10-May-20 19:23:09 GMT; path=/; domain=.npmjs.org; HttpOnly; SameSite=Lax' ],
20 silly get     'cf-ray': '581ed7357a6b381a-ATL',
20 silly get     age: '1325',
20 silly get     'cache-control': 'public, max-age=300',
20 silly get     etag: 'W/"301db98c30f281970e7f4fa558ba0156"',
20 silly get     'last-modified': 'Fri, 10 Apr 2020 03:30:36 GMT',
20 silly get     vary: 'accept-encoding, accept',
20 silly get     'cf-cache-status': 'HIT',
20 silly get     'expect-ct': 'max-age=604800, report-uri="https://report-uri.cloudflare.com/cdn-cgi/beacon/expect-ct"',
20 silly get     server: 'cloudflare',
20 silly get     'content-encoding': 'gzip' } ]
21 verbose get saving node to /home/anthony/.npm/registry.npmjs.org/node/.cache.json
22 silly install normalizeTree
23 silly loadCurrentTree Finishing
24 silly loadIdealTree Starting
25 silly install loadIdealTree
26 silly cloneCurrentTree Starting
27 silly install cloneCurrentTreeToIdealTree
28 silly cloneCurrentTree Finishing
29 silly loadShrinkwrap Starting
30 silly install loadShrinkwrap
31 silly loadShrinkwrap Finishing
32 silly loadAllDepsIntoIdealTree Starting
33 silly install loadAllDepsIntoIdealTree
34 silly resolveWithNewModule node@13.12.0 checking installable status
35 silly cache add args [ 'node', null ]
36 verbose cache add spec node
37 silly cache add parsed spec Result {
37 silly cache add   raw: 'node',
37 silly cache add   scope: null,
37 silly cache add   name: 'node',
37 silly cache add   rawSpec: '',
37 silly cache add   spec: 'latest',
37 silly cache add   type: 'tag' }
38 silly addNamed node@latest
39 verbose addNamed "latest" is being treated as a dist-tag for node
40 info addNameTag [ 'node', 'latest' ]
41 silly mapToRegistry name node
42 silly mapToRegistry using default registry
43 silly mapToRegistry registry https://registry.npmjs.org/
44 silly mapToRegistry uri https://registry.npmjs.org/node
45 verbose addNameTag registry:https://registry.npmjs.org/node not in flight; fetching
46 verbose get https://registry.npmjs.org/node not expired, no request
47 silly addNameTag next cb for node with tag latest
48 silly addNamed node@13.12.0
49 verbose addNamed "13.12.0" is a plain semver version for node
50 silly mapToRegistry name node
51 silly mapToRegistry using default registry
52 silly mapToRegistry registry https://registry.npmjs.org/
53 silly mapToRegistry uri https://registry.npmjs.org/node
54 verbose addRemoteTarball https://registry.npmjs.org/node/-/node-13.12.0.tgz not in flight; adding
55 verbose addRemoteTarball [ 'https://registry.npmjs.org/node/-/node-13.12.0.tgz',
55 verbose addRemoteTarball   '6b254774a4d2a7bb1dd9e5487e2c4ba66f125621' ]
56 info retry fetch attempt 1 at 3:23:09 PM
57 info attempt registry request try #1 at 3:23:09 PM
58 http fetch GET https://registry.npmjs.org/node/-/node-13.12.0.tgz
59 http fetch 200 https://registry.npmjs.org/node/-/node-13.12.0.tgz
60 silly fetchAndShaCheck shasum 6b254774a4d2a7bb1dd9e5487e2c4ba66f125621
61 verbose addTmpTarball /tmp/npm-7077-b7f8d2b0/registry.npmjs.org/node/-/node-13.12.0.tgz not in flight; adding
62 verbose addTmpTarball already have metadata; skipping unpack for node@13.12.0
63 silly cache afterAdd node@13.12.0
64 verbose afterAdd /home/anthony/.npm/node/13.12.0/package/package.json not in flight; writing
65 verbose afterAdd /home/anthony/.npm/node/13.12.0/package/package.json written
66 silly fetchNamedPackageData node-bin-setup
67 silly mapToRegistry name node-bin-setup
68 silly mapToRegistry using default registry
69 silly mapToRegistry registry https://registry.npmjs.org/
70 silly mapToRegistry uri https://registry.npmjs.org/node-bin-setup
71 verbose request uri https://registry.npmjs.org/node-bin-setup
72 verbose request no auth needed
73 info attempt registry request try #1 at 3:23:09 PM
74 http request GET https://registry.npmjs.org/node-bin-setup
75 http 200 https://registry.npmjs.org/node-bin-setup
76 verbose headers { date: 'Fri, 10 Apr 2020 19:23:10 GMT',
76 verbose headers   'content-type': 'application/json; charset=UTF-8',
76 verbose headers   'transfer-encoding': 'chunked',
76 verbose headers   connection: 'keep-alive',
76 verbose headers   'set-cookie':
76 verbose headers    [ '__cfduid=d080b9d21edd3a2a55341c44c47f7e7e81586546590; expires=Sun, 10-May-20 19:23:10 GMT; path=/; domain=.npmjs.org; HttpOnly; SameSite=Lax' ],
76 verbose headers   'cf-ray': '581ed73b9daa381a-ATL',
76 verbose headers   age: '5425',
76 verbose headers   'cache-control': 'public, max-age=300',
76 verbose headers   etag: 'W/"696d6ec470fda56a33885508a280edab"',
76 verbose headers   'last-modified': 'Sun, 27 May 2018 09:55:03 GMT',
76 verbose headers   vary: 'accept-encoding, accept',
76 verbose headers   'cf-cache-status': 'HIT',
76 verbose headers   'expect-ct': 'max-age=604800, report-uri="https://report-uri.cloudflare.com/cdn-cgi/beacon/expect-ct"',
76 verbose headers   server: 'cloudflare',
76 verbose headers   'content-encoding': 'gzip' }
77 silly get cb [ 200,
77 silly get   { date: 'Fri, 10 Apr 2020 19:23:10 GMT',
77 silly get     'content-type': 'application/json; charset=UTF-8',
77 silly get     'transfer-encoding': 'chunked',
77 silly get     connection: 'keep-alive',
77 silly get     'set-cookie':
77 silly get      [ '__cfduid=d080b9d21edd3a2a55341c44c47f7e7e81586546590; expires=Sun, 10-May-20 19:23:10 GMT; path=/; domain=.npmjs.org; HttpOnly; SameSite=Lax' ],
77 silly get     'cf-ray': '581ed73b9daa381a-ATL',
77 silly get     age: '5425',
77 silly get     'cache-control': 'public, max-age=300',
77 silly get     etag: 'W/"696d6ec470fda56a33885508a280edab"',
77 silly get     'last-modified': 'Sun, 27 May 2018 09:55:03 GMT',
77 silly get     vary: 'accept-encoding, accept',
77 silly get     'cf-cache-status': 'HIT',
77 silly get     'expect-ct': 'max-age=604800, report-uri="https://report-uri.cloudflare.com/cdn-cgi/beacon/expect-ct"',
77 silly get     server: 'cloudflare',
77 silly get     'content-encoding': 'gzip' } ]
78 verbose get saving node-bin-setup to /home/anthony/.npm/registry.npmjs.org/node-bin-setup/.cache.json
79 silly resolveWithNewModule node-bin-setup@1.0.6 checking installable status
80 silly cache add args [ 'node-bin-setup@^1.0.0', null ]
81 verbose cache add spec node-bin-setup@^1.0.0
82 silly cache add parsed spec Result {
82 silly cache add   raw: 'node-bin-setup@^1.0.0',
82 silly cache add   scope: null,
82 silly cache add   name: 'node-bin-setup',
82 silly cache add   rawSpec: '^1.0.0',
82 silly cache add   spec: '>=1.0.0 <2.0.0',
82 silly cache add   type: 'range' }
83 silly addNamed node-bin-setup@>=1.0.0 <2.0.0
84 verbose addNamed ">=1.0.0 <2.0.0" is a valid semver range for node-bin-setup
85 silly addNameRange { name: 'node-bin-setup',
85 silly addNameRange   range: '>=1.0.0 <2.0.0',
85 silly addNameRange   hasData: false }
86 silly mapToRegistry name node-bin-setup
87 silly mapToRegistry using default registry
88 silly mapToRegistry registry https://registry.npmjs.org/
89 silly mapToRegistry uri https://registry.npmjs.org/node-bin-setup
90 verbose addNameRange registry:https://registry.npmjs.org/node-bin-setup not in flight; fetching
91 verbose get https://registry.npmjs.org/node-bin-setup not expired, no request
92 silly addNameRange number 2 { name: 'node-bin-setup',
92 silly addNameRange   range: '>=1.0.0 <2.0.0',
92 silly addNameRange   hasData: true }
93 silly addNameRange versions [ 'node-bin-setup',
93 silly addNameRange   [ '1.0.0', '1.0.1', '1.0.2', '1.0.3', '1.0.4', '1.0.6' ] ]
94 silly addNamed node-bin-setup@1.0.6
95 verbose addNamed "1.0.6" is a plain semver version for node-bin-setup
96 silly mapToRegistry name node-bin-setup
97 silly mapToRegistry using default registry
98 silly mapToRegistry registry https://registry.npmjs.org/
99 silly mapToRegistry uri https://registry.npmjs.org/node-bin-setup
100 verbose addRemoteTarball https://registry.npmjs.org/node-bin-setup/-/node-bin-setup-1.0.6.tgz not in flight; adding
101 verbose addRemoteTarball [ 'https://registry.npmjs.org/node-bin-setup/-/node-bin-setup-1.0.6.tgz',
101 verbose addRemoteTarball   '4b5c9bb937ece702d7069b36ca78af4684677528' ]
102 info retry fetch attempt 1 at 3:23:09 PM
103 info attempt registry request try #1 at 3:23:09 PM
104 http fetch GET https://registry.npmjs.org/node-bin-setup/-/node-bin-setup-1.0.6.tgz
105 http fetch 200 https://registry.npmjs.org/node-bin-setup/-/node-bin-setup-1.0.6.tgz
106 silly fetchAndShaCheck shasum 4b5c9bb937ece702d7069b36ca78af4684677528
107 verbose addTmpTarball /tmp/npm-7077-b7f8d2b0/registry.npmjs.org/node-bin-setup/-/node-bin-setup-1.0.6.tgz not in flight; adding
108 verbose addTmpTarball already have metadata; skipping unpack for node-bin-setup@1.0.6
109 silly cache afterAdd node-bin-setup@1.0.6
110 verbose afterAdd /home/anthony/.npm/node-bin-setup/1.0.6/package/package.json not in flight; writing
111 verbose afterAdd /home/anthony/.npm/node-bin-setup/1.0.6/package/package.json written
112 silly loadAllDepsIntoIdealTree Finishing
113 silly idealTree:prePrune api.speakeasy.tools@1.0.0
113 silly idealTree:prePrune ├── node-bin-setup@1.0.6
113 silly idealTree:prePrune └── node@13.12.0
114 silly loadIdealTree Finishing
115 silly currentTree api.speakeasy.tools@1.0.0
116 silly idealTree api.speakeasy.tools@1.0.0
116 silly idealTree ├── node-bin-setup@1.0.6
116 silly idealTree └── node@13.12.0
117 silly generateActionsToTake Starting
118 silly install generateActionsToTake
119 silly generateActionsToTake Finishing
120 silly diffTrees action count 2
121 silly diffTrees add node-bin-setup@1.0.6
122 silly diffTrees add node@13.12.0
123 silly decomposeActions action count 16
124 silly decomposeActions fetch node-bin-setup@1.0.6
125 silly decomposeActions extract node-bin-setup@1.0.6
126 silly decomposeActions test node-bin-setup@1.0.6
127 silly decomposeActions preinstall node-bin-setup@1.0.6
128 silly decomposeActions build node-bin-setup@1.0.6
129 silly decomposeActions install node-bin-setup@1.0.6
130 silly decomposeActions postinstall node-bin-setup@1.0.6
131 silly decomposeActions finalize node-bin-setup@1.0.6
132 silly decomposeActions fetch node@13.12.0
133 silly decomposeActions extract node@13.12.0
134 silly decomposeActions test node@13.12.0
135 silly decomposeActions preinstall node@13.12.0
136 silly decomposeActions build node@13.12.0
137 silly decomposeActions install node@13.12.0
138 silly decomposeActions postinstall node@13.12.0
139 silly decomposeActions finalize node@13.12.0
140 silly executeActions Starting
141 silly install executeActions
142 silly doSerial global-install 0
143 silly doParallel fetch 2
144 verbose lock using /home/anthony/.npm/_locks/staging-dacd2b4ab1104b09.lock for /mnt/c/Users/Simpl/Dropbox/2020/Spring20/RCOS/API.SpeakEasy.tools/node_modules/.staging
145 silly doParallel extract 2
146 silly extract node-bin-setup@1.0.6
147 silly extract node@13.12.0
148 verbose unbuild node_modules/.staging/node-bin-setup-97627414
149 verbose unbuild node_modules/.staging/node-00f5fcdd
150 silly gentlyRm /mnt/c/Users/Simpl/Dropbox/2020/Spring20/RCOS/API.SpeakEasy.tools/node_modules/.staging/node-bin-setup-97627414 is being purged from base /mnt/c/Users/Simpl/Dropbox/2020/Spring20/RCOS/API.SpeakEasy.tools
151 verbose gentlyRm don't care about contents; nuking /mnt/c/Users/Simpl/Dropbox/2020/Spring20/RCOS/API.SpeakEasy.tools/node_modules/.staging/node-bin-setup-97627414
152 silly gentlyRm /mnt/c/Users/Simpl/Dropbox/2020/Spring20/RCOS/API.SpeakEasy.tools/node_modules/.staging/node-00f5fcdd is being purged from base /mnt/c/Users/Simpl/Dropbox/2020/Spring20/RCOS/API.SpeakEasy.tools
153 verbose gentlyRm don't care about contents; nuking /mnt/c/Users/Simpl/Dropbox/2020/Spring20/RCOS/API.SpeakEasy.tools/node_modules/.staging/node-00f5fcdd
154 verbose tar unpack /home/anthony/.npm/node-bin-setup/1.0.6/package.tgz
155 verbose tar unpacking to /mnt/c/Users/Simpl/Dropbox/2020/Spring20/RCOS/API.SpeakEasy.tools/node_modules/.staging/node-bin-setup-97627414
156 silly gentlyRm /mnt/c/Users/Simpl/Dropbox/2020/Spring20/RCOS/API.SpeakEasy.tools/node_modules/.staging/node-bin-setup-97627414 is being purged
157 verbose gentlyRm don't care about contents; nuking /mnt/c/Users/Simpl/Dropbox/2020/Spring20/RCOS/API.SpeakEasy.tools/node_modules/.staging/node-bin-setup-97627414
158 verbose tar unpack /home/anthony/.npm/node/13.12.0/package.tgz
159 verbose tar unpacking to /mnt/c/Users/Simpl/Dropbox/2020/Spring20/RCOS/API.SpeakEasy.tools/node_modules/.staging/node-00f5fcdd
160 silly gentlyRm /mnt/c/Users/Simpl/Dropbox/2020/Spring20/RCOS/API.SpeakEasy.tools/node_modules/.staging/node-00f5fcdd is being purged
161 verbose gentlyRm don't care about contents; nuking /mnt/c/Users/Simpl/Dropbox/2020/Spring20/RCOS/API.SpeakEasy.tools/node_modules/.staging/node-00f5fcdd
162 silly gunzTarPerm modes [ '777', '666' ]
163 silly gunzTarPerm modes [ '777', '666' ]
164 silly gunzTarPerm extractEntry installArchSpecificPackage.js
165 silly gunzTarPerm modified mode [ 'installArchSpecificPackage.js', 420, 438 ]
166 silly gunzTarPerm extractEntry package.json
167 silly gunzTarPerm modified mode [ 'package.json', 420, 438 ]
168 silly gunzTarPerm extractEntry package.json
169 silly gunzTarPerm modified mode [ 'package.json', 420, 438 ]
170 silly gunzTarPerm extractEntry README.md
171 silly gunzTarPerm modified mode [ 'README.md', 420, 438 ]
172 silly gunzTarPerm extractEntry index.js
173 silly gunzTarPerm modified mode [ 'index.js', 420, 438 ]
174 error tar.unpack untar error /home/anthony/.npm/node/13.12.0/package.tgz
175 error tar.unpack untar error /home/anthony/.npm/node-bin-setup/1.0.6/package.tgz
176 warn install:node-bin-setup@1.0.6 EPERM: operation not permitted, chmod '/mnt/c/Users/Simpl/Dropbox/2020/Spring20/RCOS/API.SpeakEasy.tools/node_modules/.staging/node-bin-setup-97627414/package.json'
177 verbose install:node-bin-setup@1.0.6 Error: EPERM: operation not permitted, chmod '/mnt/c/Users/Simpl/Dropbox/2020/Spring20/RCOS/API.SpeakEasy.tools/node_modules/.staging/node-bin-setup-97627414/package.json'
178 verbose unlock done using /home/anthony/.npm/_locks/staging-dacd2b4ab1104b09.lock for /mnt/c/Users/Simpl/Dropbox/2020/Spring20/RCOS/API.SpeakEasy.tools/node_modules/.staging
179 silly rollbackFailedOptional Starting
180 silly rollbackFailedOptional Finishing
181 silly runTopLevelLifecycles Starting
182 silly runTopLevelLifecycles Finishing
183 silly install printInstalled
184 warn api.speakeasy.tools@1.0.0 No repository field.
185 verbose fstream_path /mnt/c/Users/Simpl/Dropbox/2020/Spring20/RCOS/API.SpeakEasy.tools/node_modules/.staging/node-00f5fcdd/installArchSpecificPackage.js
186 verbose fstream_type File
187 verbose fstream_class FileWriter
188 verbose fstream_finish_call chmod
189 verbose stack Error: EPERM: operation not permitted, chmod '/mnt/c/Users/Simpl/Dropbox/2020/Spring20/RCOS/API.SpeakEasy.tools/node_modules/.staging/node-00f5fcdd/installArchSpecificPackage.js'
190 verbose fstream_stack /usr/share/npm/node_modules/fstream/lib/writer.js:306:21
190 verbose fstream_stack FSReqWrap.oncomplete (fs.js:135:15)
191 verbose cwd /mnt/c/Users/Simpl/Dropbox/2020/Spring20/RCOS/API.SpeakEasy.tools
192 error Linux 4.4.0-18362-Microsoft
193 error argv "/usr/bin/node" "/usr/bin/npm" "install" "node"
194 error node v8.10.0
195 error npm  v3.5.2
196 error path /mnt/c/Users/Simpl/Dropbox/2020/Spring20/RCOS/API.SpeakEasy.tools/node_modules/.staging/node-00f5fcdd/installArchSpecificPackage.js
197 error code EPERM
198 error errno -1
199 error syscall chmod
200 error Error: EPERM: operation not permitted, chmod '/mnt/c/Users/Simpl/Dropbox/2020/Spring20/RCOS/API.SpeakEasy.tools/node_modules/.staging/node-00f5fcdd/installArchSpecificPackage.js'
200 error  { Error: EPERM: operation not permitted, chmod '/mnt/c/Users/Simpl/Dropbox/2020/Spring20/RCOS/API.SpeakEasy.tools/node_modules/.staging/node-00f5fcdd/installArchSpecificPackage.js'
200 error   errno: -1,
200 error   code: 'EPERM',
200 error   syscall: 'chmod',
200 error   path: '/mnt/c/Users/Simpl/Dropbox/2020/Spring20/RCOS/API.SpeakEasy.tools/node_modules/.staging/node-00f5fcdd/installArchSpecificPackage.js',
200 error   fstream_finish_call: 'chmod',
200 error   fstream_type: 'File',
200 error   fstream_path: '/mnt/c/Users/Simpl/Dropbox/2020/Spring20/RCOS/API.SpeakEasy.tools/node_modules/.staging/node-00f5fcdd/installArchSpecificPackage.js',
200 error   fstream_class: 'FileWriter',
200 error   fstream_stack:
200 error    [ '/usr/share/npm/node_modules/fstream/lib/writer.js:306:21',
200 error      'FSReqWrap.oncomplete (fs.js:135:15)' ],
200 error   parent: 'api.speakeasy.tools' }
201 error Please try running this command again as root/Administrator.
202 verbose exit [ -1, true ]
